Arguments: 
  /Users/xxnull/.nvm/versions/node/v14.19.0/bin/node /Users/xxnull/.nvm/versions/node/v14.19.0/bin/yarn add @mui/material/Button

PATH: 
  /Users/xxnull/.rvm/gems/ruby-3.0.0/bin:/Users/xxnull/.rvm/gems/ruby-3.0.0@global/bin:/Users/xxnull/.rvm/rubies/ruby-3.0.0/bin:/Users/xxnull/.nvm/versions/node/v14.19.0/bin:/usr/local/bin:/usr/bin:/bin:/usr/sbin:/sbin:/Applications/Little Snitch.app/Contents/Components:/Users/xxnull/adb-fastboot/platform-tools:/Users/xxnull/.cargo/bin:/Users/xxnull/.rvm/bin

Yarn version: 
  1.22.18

Node version: 
  14.19.0

Platform: 
  darwin x64

Trace: 
  Error: https://registry.yarnpkg.com/@mui%2fmaterial/Button: Request "https://registry.yarnpkg.com/@mui%2fmaterial/Button" returned a 405
      at Request.params.callback [as _callback] (/Users/xxnull/.nvm/versions/node/v14.19.0/lib/node_modules/yarn/lib/cli.js:66147:18)
      at Request.self.callback (/Users/xxnull/.nvm/versions/node/v14.19.0/lib/node_modules/yarn/lib/cli.js:140883:22)
      at Request.emit (events.js:400:28)
      at Request.<anonymous> (/Users/xxnull/.nvm/versions/node/v14.19.0/lib/node_modules/yarn/lib/cli.js:141855:10)
      at Request.emit (events.js:400:28)
      at IncomingMessage.<anonymous> (/Users/xxnull/.nvm/versions/node/v14.19.0/lib/node_modules/yarn/lib/cli.js:141777:12)
      at Object.onceWrapper (events.js:519:28)
      at IncomingMessage.emit (events.js:412:35)
      at endReadableNT (internal/streams/readable.js:1334:12)
      at processTicksAndRejections (internal/process/task_queues.js:82:21)

npm manifest: 
  {
    "dependencies": {
      "@fontsource/roboto": "^4.5.7",
      "react-dom": "^18.1.0"
    }
  }

yarn manifest: 
  No manifest

Lockfile: 
  # THIS IS AN AUTOGENERATED FILE. DO NOT EDIT THIS FILE DIRECTLY.
  # yarn lockfile v1
  
  
  "@fontsource/roboto@^4.5.7":
    version "4.5.7"
    resolved "https://registry.yarnpkg.com/@fontsource/roboto/-/roboto-4.5.7.tgz#292740a52fa2bac61b89f92e1c588037defe65cb"
    integrity sha512-m57UMER23Mk6Drg9OjtHW1Y+0KPGyZfE5XJoPTOsLARLar6013kJj4X2HICt+iFLJqIgTahA/QAvSn9lwF1EEw==
  
  "js-tokens@^3.0.0 || ^4.0.0":
    version "4.0.0"
    resolved "https://registry.yarnpkg.com/js-tokens/-/js-tokens-4.0.0.tgz#19203fb59991df98e3a287050d4647cdeaf32499"
    integrity sha512-RdJUflcE3cUzKiMqQgsCu06FPu9UdIJO0beYbPhHN4k6apgJtifcoCtT9bcxOpYBtpD2kCM6Sbzg4CausW/PKQ==
  
  loose-envify@^1.1.0:
    version "1.4.0"
    resolved "https://registry.yarnpkg.com/loose-envify/-/loose-envify-1.4.0.tgz#71ee51fa7be4caec1a63839f7e682d8132d30caf"
    integrity sha512-lyuxPGr/Wfhrlem2CL/UcnUc1zcqKAImBDzukY7Y5F/yQiNdko6+fRLevlw1HgMySw7f611UIY408EtxRSoK3Q==
    dependencies:
      js-tokens "^3.0.0 || ^4.0.0"
  
  react-dom@^18.1.0:
    version "18.1.0"
    resolved "https://registry.yarnpkg.com/react-dom/-/react-dom-18.1.0.tgz#7f6dd84b706408adde05e1df575b3a024d7e8a2f"
    integrity sha512-fU1Txz7Budmvamp7bshe4Zi32d0ll7ect+ccxNu9FlObT605GOEB8BfO4tmRJ39R5Zj831VCpvQ05QPBW5yb+w==
    dependencies:
      loose-envify "^1.1.0"
      scheduler "^0.22.0"
  
  scheduler@^0.22.0:
    version "0.22.0"
    resolved "https://registry.yarnpkg.com/scheduler/-/scheduler-0.22.0.tgz#83a5d63594edf074add9a7198b1bae76c3db01b8"
    integrity sha512-6QAm1BgQI88NPYymgGQLCZgvep4FyePDWFpXVK+zNSUgHwlqpJy8VEh8Et0KxTACS4VWwMousBElAZOH9nkkoQ==
    dependencies:
      loose-envify "^1.1.0"
